running egg_info
creating build/tesse/tesse.egg-info
writing build/tesse/tesse.egg-info/PKG-INFO
writing dependency_links to build/tesse/tesse.egg-info/dependency_links.txt
writing requirements to build/tesse/tesse.egg-info/requires.txt
writing top-level names to build/tesse/tesse.egg-info/top_level.txt
writing manifest file 'build/tesse/tesse.egg-info/SOURCES.txt'
reading manifest file 'build/tesse/tesse.egg-info/SOURCES.txt'
adding license file 'LICENSE'
writing manifest file 'build/tesse/tesse.egg-info/SOURCES.txt'
running build
running build_py
creating /home/ghabibi/vnav_ws2/src/tesse-interface/build/tesse/build
creating /home/ghabibi/vnav_ws2/src/tesse-interface/build/tesse/build/lib
creating /home/ghabibi/vnav_ws2/src/tesse-interface/build/tesse/build/lib/tesse
copying src/tesse/__init__.py -> /home/ghabibi/vnav_ws2/src/tesse-interface/build/tesse/build/lib/tesse
copying src/tesse/env.py -> /home/ghabibi/vnav_ws2/src/tesse-interface/build/tesse/build/lib/tesse
copying src/tesse/msgs.py -> /home/ghabibi/vnav_ws2/src/tesse-interface/build/tesse/build/lib/tesse
copying src/tesse/utils.py -> /home/ghabibi/vnav_ws2/src/tesse-interface/build/tesse/build/lib/tesse
running install
running install_lib
creating /home/ghabibi/vnav_ws2/src/tesse-interface/install/tesse/lib/python3.12/site-packages/tesse
copying /home/ghabibi/vnav_ws2/src/tesse-interface/build/tesse/build/lib/tesse/__init__.py -> /home/ghabibi/vnav_ws2/src/tesse-interface/install/tesse/lib/python3.12/site-packages/tesse
copying /home/ghabibi/vnav_ws2/src/tesse-interface/build/tesse/build/lib/tesse/env.py -> /home/ghabibi/vnav_ws2/src/tesse-interface/install/tesse/lib/python3.12/site-packages/tesse
copying /home/ghabibi/vnav_ws2/src/tesse-interface/build/tesse/build/lib/tesse/msgs.py -> /home/ghabibi/vnav_ws2/src/tesse-interface/install/tesse/lib/python3.12/site-packages/tesse
copying /home/ghabibi/vnav_ws2/src/tesse-interface/build/tesse/build/lib/tesse/utils.py -> /home/ghabibi/vnav_ws2/src/tesse-interface/install/tesse/lib/python3.12/site-packages/tesse
byte-compiling /home/ghabibi/vnav_ws2/src/tesse-interface/install/tesse/lib/python3.12/site-packages/tesse/__init__.py to __init__.cpython-312.pyc
byte-compiling /home/ghabibi/vnav_ws2/src/tesse-interface/install/tesse/lib/python3.12/site-packages/tesse/env.py to env.cpython-312.pyc
byte-compiling /home/ghabibi/vnav_ws2/src/tesse-interface/install/tesse/lib/python3.12/site-packages/tesse/msgs.py to msgs.cpython-312.pyc
byte-compiling /home/ghabibi/vnav_ws2/src/tesse-interface/install/tesse/lib/python3.12/site-packages/tesse/utils.py to utils.cpython-312.pyc
running install_egg_info
Copying build/tesse/tesse.egg-info to /home/ghabibi/vnav_ws2/src/tesse-interface/install/tesse/lib/python3.12/site-packages/tesse-0.1.2-py3.12.egg-info
running install_scripts
writing list of installed files to '/home/ghabibi/vnav_ws2/src/tesse-interface/build/tesse/install.log'
